<?xml version="1.0" encoding="UTF-8"?>
<!-- Generated by org.testng.reporters.JUnitReportReporter -->
<testsuite skipped="0" hostname="LAPTOP-2UATULQH" name="HomeworkGrouping.Benz" tests="1" failures="0" timestamp="13 Nov 2019 00:17:04 GMT" time="0.018" errors="0">
  <testcase name="benz" time="0.018" classname="HomeworkGrouping.Benz"/>
</testsuite> <!-- HomeworkGrouping.Benz -->
