<?xml version="1.0" encoding="UTF-8"?>
<!-- Generated by org.testng.reporters.JUnitReportReporter -->
<testsuite skipped="0" hostname="LAPTOP-2UATULQH" name="p03_GenericMethods.GenMetTest" tests="1" failures="0" timestamp="10 Aug 2019 02:36:52 GMT" time="0.021" errors="0">
  <testcase name="genericCall" time="0.021" classname="p03_GenericMethods.GenMetTest"/>
</testsuite> <!-- p03_GenericMethods.GenMetTest -->
