<?xml version="1.0" encoding="UTF-8"?>
<!-- Generated by org.testng.reporters.JUnitReportReporter -->
<testsuite skipped="0" hostname="LAPTOP-2UATULQH" name="testNG_Grouping.ShopTest" tests="4" failures="0" timestamp="08 Nov 2019 01:44:25 GMT" time="113.611" errors="0">
  <testcase name="dropdownBox" time="25.953" classname="testNG_Grouping.ShopTest"/>
  <testcase name="dropdownBox" time="30.215" classname="testNG_Grouping.ShopTest"/>
  <testcase name="dropdownBox" time="29.024" classname="testNG_Grouping.ShopTest"/>
  <testcase name="dropdownBox" time="28.419" classname="testNG_Grouping.ShopTest"/>
</testsuite> <!-- testNG_Grouping.ShopTest -->
