<?xml version="1.0" encoding="UTF-8"?>
<!-- Generated by org.testng.reporters.JUnitReportReporter -->
<testsuite skipped="0" hostname="LAPTOP-2UATULQH" name="njerseyGrubu.ExtendTest" tests="2" failures="0" timestamp="30 Oct 2019 01:48:45 GMT" time="64.114" errors="0">
  <testcase name="myLogin" time="34.289" classname="njerseyGrubu.ExtendTest"/>
  <testcase name="mySearch" time="29.825" classname="njerseyGrubu.ExtendTest"/>
</testsuite> <!-- njerseyGrubu.ExtendTest -->
