<?xml version="1.0" encoding="UTF-8"?>
<!-- Generated by org.testng.reporters.JUnitReportReporter -->
<testsuite skipped="0" hostname="LAPTOP-2UATULQH" name="testNG_Grouping.LoginTest" tests="3" failures="0" timestamp="03 Oct 2019 05:39:11 GMT" time="73.567" errors="0">
  <testcase name="loginTest" time="22.771" classname="testNG_Grouping.LoginTest"/>
  <testcase name="loginTest" time="21.712" classname="testNG_Grouping.LoginTest"/>
  <testcase name="loginTest" time="29.084" classname="testNG_Grouping.LoginTest"/>
</testsuite> <!-- testNG_Grouping.LoginTest -->
