<?xml version="1.0" encoding="UTF-8"?>
<!-- Generated by org.testng.reporters.JUnitReportReporter -->
<testsuite skipped="0" hostname="LAPTOP-2UATULQH" name="myDataProvider.MyLoginTest" tests="3" failures="0" timestamp="02 Nov 2019 03:28:55 GMT" time="52.744" errors="0">
  <testcase name="loginTest" time="20.894" classname="myDataProvider.MyLoginTest"/>
  <testcase name="loginTest" time="15.318" classname="myDataProvider.MyLoginTest"/>
  <testcase name="loginTest" time="16.532" classname="myDataProvider.MyLoginTest"/>
</testsuite> <!-- myDataProvider.MyLoginTest -->
