<?xml version="1.0" encoding="UTF-8"?>
<!-- Generated by org.testng.reporters.JUnitReportReporter -->
<testsuite skipped="0" hostname="LAPTOP-2UATULQH" name="ders2.BeforeAfter" tests="2" failures="0" timestamp="18 Sep 2019 16:55:53 GMT" time="49.309" errors="0">
  <testcase name="loginTest" time="31.952" classname="ders2.BeforeAfter"/>
  <testcase name="dropdownBox" time="17.357" classname="ders2.BeforeAfter"/>
</testsuite> <!-- ders2.BeforeAfter -->
