<?xml version="1.0" encoding="UTF-8"?>
<!-- Generated by org.testng.reporters.JUnitReportReporter -->
<testsuite skipped="0" hostname="LAPTOP-2UATULQH" name="HomeworkGrouping.Toyoto" tests="1" failures="0" timestamp="13 Nov 2019 00:17:04 GMT" time="0.002" errors="0">
  <testcase name="toyoto" time="0.002" classname="HomeworkGrouping.Toyoto"/>
</testsuite> <!-- HomeworkGrouping.Toyoto -->
