<?xml version="1.0" encoding="UTF-8"?>
<!-- Generated by org.testng.reporters.JUnitReportReporter -->
<testsuite skipped="0" hostname="LAPTOP-2UATULQH" name="testNG.L01B_Before_After_Method" tests="1" failures="0" timestamp="07 Nov 2019 18:36:59 GMT" time="28.730" errors="0">
  <testcase name="loginTest" time="28.730" classname="testNG.L01B_Before_After_Method"/>
</testsuite> <!-- testNG.L01B_Before_After_Method -->
