<?xml version="1.0" encoding="UTF-8"?>
<!-- Generated by org.testng.reporters.JUnitReportReporter -->
<testsuite skipped="0" hostname="LAPTOP-2UATULQH" name="testNG.L03_TestNG_Assertion" tests="2" failures="0" timestamp="14 Oct 2019 17:03:18 GMT" time="0.046" errors="0">
  <testcase name="softAssert" time="0.017" classname="testNG.L03_TestNG_Assertion"/>
  <testcase name="testHomePage" time="0.029" classname="testNG.L03_TestNG_Assertion"/>
</testsuite> <!-- testNG.L03_TestNG_Assertion -->
