<?xml version="1.0" encoding="UTF-8"?>
<!-- Generated by org.testng.reporters.JUnitReportReporter -->
<testsuite skipped="0" hostname="DESKTOP-NUGJHN9" name="testNG_DataProvider.L01_LoginTest" tests="3" failures="0" timestamp="23 Jun 2019 15:10:35 GMT" time="89.348" errors="0">
  <testcase name="loginTest" time="34.501" classname="testNG_DataProvider.L01_LoginTest"/>
  <testcase name="loginTest" time="27.684" classname="testNG_DataProvider.L01_LoginTest"/>
  <testcase name="loginTest" time="27.163" classname="testNG_DataProvider.L01_LoginTest"/>
</testsuite> <!-- testNG_DataProvider.L01_LoginTest -->
