<?xml version="1.0" encoding="UTF-8"?>
<!-- Generated by org.testng.reporters.JUnitReportReporter -->
<testsuite skipped="0" hostname="LAPTOP-2UATULQH" name="testNG.L02_TestNG_Annotations" tests="3" failures="0" timestamp="25 Oct 2019 00:28:20 GMT" time="0.096" errors="0">
  <testcase name="testProductPage" time="0.020" classname="testNG.L02_TestNG_Annotations"/>
  <testcase name="testHomePage" time="0.065" classname="testNG.L02_TestNG_Annotations"/>
  <testcase name="testLoginPage" time="0.011" classname="testNG.L02_TestNG_Annotations"/>
</testsuite> <!-- testNG.L02_TestNG_Annotations -->
