<?xml version="1.0" encoding="UTF-8"?>
<!-- Generated by org.testng.reporters.JUnitReportReporter -->
<testsuite skipped="0" hostname="LAPTOP-2UATULQH" name="testNG.L01E_ExtendsTest" tests="1" failures="0" timestamp="06 Nov 2019 01:26:46 GMT" time="33.295" errors="0">
  <testcase name="loginTest" time="33.295" classname="testNG.L01E_ExtendsTest"/>
</testsuite> <!-- testNG.L01E_ExtendsTest -->
