<?xml version="1.0" encoding="UTF-8"?>
<!-- Generated by org.testng.reporters.JUnitReportReporter -->
<testsuite skipped="0" hostname="LAPTOP-2UATULQH" name="testNG_Grouping.SanityTest" tests="1" failures="0" timestamp="03 Oct 2019 05:39:11 GMT" time="0.008" errors="0">
  <testcase name="runSanity" time="0.008" classname="testNG_Grouping.SanityTest"/>
</testsuite> <!-- testNG_Grouping.SanityTest -->
