<?xml version="1.0" encoding="UTF-8"?>
<!-- Generated by org.testng.reporters.JUnitReportReporter -->
<testsuite skipped="0" hostname="LAPTOP-2UATULQH" name="HomeworkGrouping.Nissan" tests="1" failures="0" timestamp="13 Nov 2019 00:17:04 GMT" time="0.004" errors="0">
  <testcase name="nissan" time="0.004" classname="HomeworkGrouping.Nissan"/>
</testsuite> <!-- HomeworkGrouping.Nissan -->
