<?xml version="1.0" encoding="UTF-8"?>
<!-- Generated by org.testng.reporters.JUnitReportReporter -->
<testsuite skipped="0" hostname="LAPTOP-2UATULQH" name="homeWork.Deneme4" tests="1" failures="0" timestamp="13 Nov 2019 01:03:56 GMT" time="0.009" errors="0">
  <testcase name="orhan" time="0.009" classname="homeWork.Deneme4"/>
</testsuite> <!-- homeWork.Deneme4 -->
