<?xml version="1.0" encoding="UTF-8"?>
<!-- Generated by org.testng.reporters.JUnitReportReporter -->
<testsuite skipped="0" hostname="LAPTOP-2UATULQH" name="testNG.L03_TestNG_Assertion" tests="1" failures="0" timestamp="06 Nov 2019 04:03:25 GMT" time="0.032" errors="0">
  <testcase name="testHomePage" time="0.032" classname="testNG.L03_TestNG_Assertion"/>
</testsuite> <!-- testNG.L03_TestNG_Assertion -->
