<?xml version="1.0" encoding="UTF-8"?>
<!-- Generated by org.testng.reporters.JUnitReportReporter -->
<testsuite skipped="0" hostname="LAPTOP-2UATULQH" name="HomeworkGrouping.Buick" tests="1" failures="0" timestamp="13 Nov 2019 00:17:04 GMT" time="0.001" errors="0">
  <testcase name="buick" time="0.001" classname="HomeworkGrouping.Buick"/>
</testsuite> <!-- HomeworkGrouping.Buick -->
