<?xml version="1.0" encoding="UTF-8"?>
<!-- Generated by org.testng.reporters.JUnitReportReporter -->
<testsuite skipped="0" hostname="LAPTOP-2UATULQH" name="testNG_DataProvider.LoginTest" tests="3" failures="0" timestamp="01 Oct 2019 11:03:42 GMT" time="80.096" errors="0">
  <testcase name="loginTest" time="33.909" classname="testNG_DataProvider.LoginTest"/>
  <testcase name="loginTest" time="22.636" classname="testNG_DataProvider.LoginTest"/>
  <testcase name="loginTest" time="23.551" classname="testNG_DataProvider.LoginTest"/>
</testsuite> <!-- testNG_DataProvider.LoginTest -->
