<?xml version="1.0" encoding="UTF-8"?>
<!-- Generated by org.testng.reporters.JUnitReportReporter -->
<testsuite skipped="0" hostname="LAPTOP-2UATULQH" name="njerseyGrubu.L01B_Before_After_Method" tests="1" failures="0" timestamp="01 Nov 2019 01:05:06 GMT" time="34.927" errors="0">
  <testcase name="loginTest" time="34.927" classname="njerseyGrubu.L01B_Before_After_Method"/>
</testsuite> <!-- njerseyGrubu.L01B_Before_After_Method -->
