<?xml version="1.0" encoding="UTF-8"?>
<!-- Generated by org.testng.reporters.JUnitReportReporter -->
<testsuite skipped="0" hostname="LAPTOP-2UATULQH" name="testNG.L01E_ExtendsTest" tests="1" failures="0" timestamp="24 Sep 2019 02:02:41 GMT" time="36.567" errors="0">
  <testcase name="loginTest" time="36.567" classname="testNG.L01E_ExtendsTest"/>
</testsuite> <!-- testNG.L01E_ExtendsTest -->
