<?xml version="1.0" encoding="UTF-8"?>
<!-- Generated by org.testng.reporters.JUnitReportReporter -->
<testsuite skipped="0" hostname="LAPTOP-2UATULQH" name="homeWork.Deneme3" tests="1" failures="0" timestamp="13 Nov 2019 01:03:56 GMT" time="0.030" errors="0">
  <testcase name="runSmoke" time="0.030" classname="homeWork.Deneme3"/>
</testsuite> <!-- homeWork.Deneme3 -->
