<?xml version="1.0" encoding="UTF-8"?>
<!-- Generated by org.testng.reporters.JUnitReportReporter -->
<testsuite skipped="0" hostname="LAPTOP-2UATULQH" name="testNG_DataProvider.ShopTest" tests="4" failures="0" timestamp="21 Sep 2019 19:09:36 GMT" time="137.239" errors="0">
  <testcase name="dropdownBox" time="56.879" classname="testNG_DataProvider.ShopTest"/>
  <testcase name="dropdownBox" time="27.547" classname="testNG_DataProvider.ShopTest"/>
  <testcase name="dropdownBox" time="26.043" classname="testNG_DataProvider.ShopTest"/>
  <testcase name="dropdownBox" time="26.770" classname="testNG_DataProvider.ShopTest"/>
</testsuite> <!-- testNG_DataProvider.ShopTest -->
