<?xml version="1.0" encoding="UTF-8"?>
<!-- Generated by org.testng.reporters.JUnitReportReporter -->
<testsuite skipped="0" hostname="LAPTOP-2UATULQH" name="testNG_Grouping.LoginTest" tests="3" failures="0" timestamp="08 Nov 2019 01:44:25 GMT" time="110.673" errors="0">
  <testcase name="loginTest" time="32.972" classname="testNG_Grouping.LoginTest"/>
  <testcase name="loginTest" time="34.681" classname="testNG_Grouping.LoginTest"/>
  <testcase name="loginTest" time="43.020" classname="testNG_Grouping.LoginTest"/>
</testsuite> <!-- testNG_Grouping.LoginTest -->
