<?xml version="1.0" encoding="UTF-8"?>
<!-- Generated by org.testng.reporters.JUnitReportReporter -->
<testsuite skipped="0" hostname="LAPTOP-2UATULQH" name="testNG.L03B_LoginTest" tests="1" failures="0" timestamp="06 Nov 2019 01:41:12 GMT" time="32.477" errors="0">
  <testcase name="loginTest" time="32.477" classname="testNG.L03B_LoginTest"/>
</testsuite> <!-- testNG.L03B_LoginTest -->
