<?xml version="1.0" encoding="UTF-8"?>
<!-- Generated by org.testng.reporters.JUnitReportReporter -->
<testsuite skipped="1" hostname="LAPTOP-2UATULQH" name="njerseyGrubu.MyMultipleTest" tests="2" failures="0" timestamp="25 Oct 2019 00:22:15 GMT" time="19.443" errors="0">
  <testcase name="loginTest" time="19.443" classname="njerseyGrubu.MyMultipleTest"/>
  <testcase name="dropdownBox" classname="njerseyGrubu.MyMultipleTest">
    <skipped/>
  </testcase> <!-- dropdownBox -->
</testsuite> <!-- njerseyGrubu.MyMultipleTest -->
