<?xml version="1.0" encoding="UTF-8"?>
<!-- Generated by org.testng.reporters.JUnitReportReporter -->
<testsuite skipped="0" hostname="LAPTOP-2UATULQH" name="newJ.Before_After_Method" tests="1" failures="0" timestamp="01 Nov 2019 03:56:30 GMT" time="29.116" errors="0">
  <testcase name="loginTest" time="29.116" classname="newJ.Before_After_Method"/>
</testsuite> <!-- newJ.Before_After_Method -->
