<?xml version="1.0" encoding="UTF-8"?>
<!-- Generated by org.testng.reporters.JUnitReportReporter -->
<testsuite skipped="0" hostname="LAPTOP-2UATULQH" name="njerseyGrubu.BeforeAfterMethod" tests="2" failures="0" timestamp="30 Oct 2019 01:50:27 GMT" time="70.061" errors="0">
  <testcase name="myLogin" time="42.639" classname="njerseyGrubu.BeforeAfterMethod"/>
  <testcase name="mySearch" time="27.422" classname="njerseyGrubu.BeforeAfterMethod"/>
</testsuite> <!-- njerseyGrubu.BeforeAfterMethod -->
