<?xml version="1.0" encoding="UTF-8"?>
<!-- Generated by org.testng.reporters.JUnitReportReporter -->
<testsuite skipped="0" hostname="LAPTOP-2UATULQH" name="ders.Ders1" tests="2" failures="0" timestamp="19 Sep 2019 02:08:51 GMT" time="57.549" errors="0">
  <testcase name="loginTest" time="35.685" classname="ders.Ders1"/>
  <testcase name="dropdownBox" time="21.864" classname="ders.Ders1"/>
</testsuite> <!-- ders.Ders1 -->
