<?xml version="1.0" encoding="UTF-8"?>
<!-- Generated by org.testng.reporters.JUnitReportReporter -->
<testsuite skipped="0" hostname="LAPTOP-2UATULQH" name="testNG_Grouping.SmokeTest" tests="1" failures="0" timestamp="01 Nov 2019 04:13:16 GMT" time="0.019" errors="0">
  <testcase name="runSmoke" time="0.019" classname="testNG_Grouping.SmokeTest"/>
</testsuite> <!-- testNG_Grouping.SmokeTest -->
