<?xml version="1.0" encoding="UTF-8"?>
<!-- Generated by org.testng.reporters.JUnitReportReporter -->
<testsuite skipped="0" hostname="LAPTOP-2UATULQH" name="myDataProvider.MyShopTest" tests="4" failures="0" timestamp="02 Nov 2019 03:24:22 GMT" time="64.445" errors="0">
  <testcase name="dropdownBox" time="14.970" classname="myDataProvider.MyShopTest"/>
  <testcase name="dropdownBox" time="18.581" classname="myDataProvider.MyShopTest"/>
  <testcase name="dropdownBox" time="15.103" classname="myDataProvider.MyShopTest"/>
  <testcase name="dropdownBox" time="15.791" classname="myDataProvider.MyShopTest"/>
</testsuite> <!-- myDataProvider.MyShopTest -->
